<?xml version="1.0" encoding="UTF-8"?>
<robot generator="Robot 5.0.1 (Python 3.10.8 on win32)" generated="20221015 18:40:46.843" rpa="false" schemaversion="3">
<suite id="s1" name="Curso" source="C:\Users\marcia\Documents\Robot2\curso.robot">
<test id="s1-t1" name="Cenario 1: preencher formulario" line="33">
<kw name="Abrir o Navegador e acessar o site">
<kw name="Open Browser" library="SeleniumLibrary">
<arg>https://itera-qa.azurewebsites.net/home/automation</arg>
<arg>Chrome</arg>
<doc>Opens a new browser instance to the optional ``url``.</doc>
<msg timestamp="20221015 18:40:48.750" level="INFO">Opening browser 'Chrome' to base url 'https://itera-qa.azurewebsites.net/home/automation'.</msg>
<status status="PASS" starttime="20221015 18:40:48.745" endtime="20221015 18:40:58.359"/>
</kw>
<status status="PASS" starttime="20221015 18:40:48.740" endtime="20221015 18:40:58.360"/>
</kw>
<kw name="preencher os campos">
<kw name="Input Text" library="SeleniumLibrary">
<arg>${input_name}</arg>
<arg>Bruno</arg>
<doc>Types the given ``text`` into the text field identified by ``locator``.</doc>
<msg timestamp="20221015 18:40:58.367" level="INFO">Typing text 'Bruno' into text field 'id:name'.</msg>
<status status="PASS" starttime="20221015 18:40:58.365" endtime="20221015 18:40:59.053"/>
</kw>
<kw name="Input Text" library="SeleniumLibrary">
<arg>${input_phone}</arg>
<arg>958360548</arg>
<doc>Types the given ``text`` into the text field identified by ``locator``.</doc>
<msg timestamp="20221015 18:40:59.055" level="INFO">Typing text '958360548' into text field 'id:phone'.</msg>
<status status="PASS" starttime="20221015 18:40:59.053" endtime="20221015 18:40:59.544"/>
</kw>
<kw name="Input Text" library="SeleniumLibrary">
<arg>${input_email}</arg>
<arg>bruno.moura@gamail</arg>
<doc>Types the given ``text`` into the text field identified by ``locator``.</doc>
<msg timestamp="20221015 18:40:59.547" level="INFO">Typing text 'bruno.moura@gamail' into text field 'id:email'.</msg>
<status status="PASS" starttime="20221015 18:40:59.545" endtime="20221015 18:41:00.112"/>
</kw>
<kw name="Input Text" library="SeleniumLibrary">
<arg>${input_password}</arg>
<arg>123445555</arg>
<doc>Types the given ``text`` into the text field identified by ``locator``.</doc>
<msg timestamp="20221015 18:41:00.113" level="INFO">Typing text '123445555' into text field 'id:password'.</msg>
<status status="PASS" starttime="20221015 18:41:00.112" endtime="20221015 18:41:00.538"/>
</kw>
<kw name="Input Text" library="SeleniumLibrary">
<arg>${textarea_address}</arg>
<arg>xxxxxxxxxxxxxx</arg>
<doc>Types the given ``text`` into the text field identified by ``locator``.</doc>
<msg timestamp="20221015 18:41:00.542" level="INFO">Typing text 'xxxxxxxxxxxxxx' into text field 'id:address'.</msg>
<status status="PASS" starttime="20221015 18:41:00.539" endtime="20221015 18:41:01.021"/>
</kw>
<status status="PASS" starttime="20221015 18:40:58.363" endtime="20221015 18:41:01.023"/>
</kw>
<kw name="clicar em submit">
<kw name="Click Element" library="SeleniumLibrary">
<arg>${button_submit}</arg>
<doc>Click the element identified by ``locator``.</doc>
<msg timestamp="20221015 18:41:01.034" level="INFO">Clicking element 'id:name'.</msg>
<status status="PASS" starttime="20221015 18:41:01.030" endtime="20221015 18:41:01.413"/>
</kw>
<status status="PASS" starttime="20221015 18:41:01.026" endtime="20221015 18:41:01.415"/>
</kw>
<kw name="fechar o navegador">
<kw name="Close Browser" library="SeleniumLibrary">
<doc>Closes the current browser.</doc>
<status status="PASS" starttime="20221015 18:41:01.436" endtime="20221015 18:41:04.201"/>
</kw>
<status status="PASS" starttime="20221015 18:41:01.429" endtime="20221015 18:41:04.202"/>
</kw>
<status status="PASS" starttime="20221015 18:40:48.736" endtime="20221015 18:41:04.204"/>
</test>
<status status="PASS" starttime="20221015 18:40:46.856" endtime="20221015 18:41:04.211"/>
</suite>
<statistics>
<total>
<stat pass="1" fail="0" skip="0">All Tests</stat>
</total>
<tag>
</tag>
<suite>
<stat pass="1" fail="0" skip="0" id="s1" name="Curso">Curso</stat>
</suite>
</statistics>
<errors>
</errors>
</robot>
